Start testing: Sep 27 18:47 EDT
----------------------------------------------------------
3/22 Testing: test_forward_message
3/22 Test: test_forward_message
Command: "/usr/bin/python3" "/mnt/c/EntropicGarden/libs/tests/test_forward_message.py"
Directory: /mnt/c/EntropicGarden/libs/tests
"test_forward_message" start time: Sep 27 18:47 EDT
Output:
----------------------------------------------------------
<end of output>
Test time =   0.18 sec
----------------------------------------------------------
Test Failed.
"test_forward_message" end time: Sep 27 18:47 EDT
"test_forward_message" time elapsed: 00:00:00
----------------------------------------------------------

End testing: Sep 27 18:47 EDT
